06-Feb-20 11:28:58 - Loaded model from disk
06-Feb-20 11:28:58 -  * Debugger is active!
06-Feb-20 11:28:58 -  * Debugger PIN: 110-034-516
06-Feb-20 11:52:48 -  * Detected change in '/Users/codhek/summ/Slot_Filling/logs/logger.py', reloading
06-Feb-20 11:52:49 -  * Restarting with stat
06-Feb-20 11:53:01 - Loaded model from disk
06-Feb-20 11:53:01 -  * Debugger is active!
06-Feb-20 11:53:01 -  * Debugger PIN: 110-034-516
06-Feb-20 12:12:12 - 127.0.0.1 - - [06/Feb/2020 12:12:12] "[37mGET /api/v1/slots/Where%20is%20the%20stop%20for%20USAir%20flight%20number%2037%20from%20Philadelphia%20to%20San%20Francisco HTTP/1.1[0m" 200 -
06-Feb-20 13:53:36 - Loaded model from disk
06-Feb-20 13:53:36 -  * Running on http://127.0.0.1:8010/ (Press CTRL+C to quit)
06-Feb-20 13:53:36 -  * Restarting with stat
06-Feb-20 13:53:42 - Loaded model from disk
06-Feb-20 13:53:42 -  * Debugger is active!
06-Feb-20 13:53:42 -  * Debugger PIN: 110-034-516
06-Feb-20 13:53:43 - 127.0.0.1 - - [06/Feb/2020 13:53:43] "[37mGET /api/v1/slots/Where%20is%20the%20stop%20for%20USAir%20flight%20number%2037%20from%20Philadelphia%20to%20San%20Francisco HTTP/1.1[0m" 200 -
06-Feb-20 13:53:47 - 127.0.0.1 - - [06/Feb/2020 13:53:47] "[37mGET /api/v1/slots/Where%20is%20the%20stop%20for%20USAir%20flight%20number%2037%20from%20Philadelphia%20to%20San%20Francisco HTTP/1.1[0m" 200 -
06-Feb-20 13:53:51 - 127.0.0.1 - - [06/Feb/2020 13:53:51] "[37mGET /api/v1/slots/Where%20is%20the%20stop%20for%20USAir%20flight%20number%2037%20from%20Philadelphia%20to%20San%20Francisco HTTP/1.1[0m" 200 -
06-Feb-20 13:54:03 -  * Detected change in '/Users/codhek/summ/Slot_Filling/main.py', reloading
06-Feb-20 13:54:04 -  * Restarting with stat
06-Feb-20 13:54:11 - Loaded model from disk
06-Feb-20 13:54:11 -  * Debugger is active!
06-Feb-20 13:54:11 -  * Debugger PIN: 110-034-516
06-Feb-20 13:54:15 -  * Detected change in '/Users/codhek/summ/Slot_Filling/main.py', reloading
06-Feb-20 13:54:16 -  * Restarting with stat
06-Feb-20 13:54:21 - Loaded model from disk
06-Feb-20 13:54:21 -  * Debugger is active!
06-Feb-20 13:54:21 -  * Debugger PIN: 110-034-516
06-Feb-20 14:01:13 - Loaded model from disk
06-Feb-20 14:01:14 -  * Running on http://127.0.0.1:8010/ (Press CTRL+C to quit)
06-Feb-20 14:01:14 -  * Restarting with stat
06-Feb-20 14:01:24 - Loaded model from disk
06-Feb-20 14:01:24 -  * Debugger is active!
06-Feb-20 14:01:24 -  * Debugger PIN: 110-034-516
06-Feb-20 14:01:47 - 127.0.0.1 - - [06/Feb/2020 14:01:47] "[37mGET /api/v1/slots/Show%20flights%20from%20seatlle%20to%20san%20diego%20tomorrow HTTP/1.1[0m" 200 -
06-Feb-20 14:02:19 - 127.0.0.1 - - [06/Feb/2020 14:02:19] "[37mGET /api/v1/slots/Show%20flights%20from%20seattle%20to%20san%20diego%20tomorrow HTTP/1.1[0m" 200 -
06-Feb-20 15:11:49 -  * Detected change in '/Users/codhek/summ/Slot_Filling/embeddings/generate_embs.py', reloading
06-Feb-20 15:11:49 -  * Restarting with stat
06-Feb-20 15:11:59 - Loaded model from disk
06-Feb-20 15:11:59 -  * Debugger is active!
06-Feb-20 15:11:59 -  * Debugger PIN: 110-034-516
06-Feb-20 15:12:01 -  * Detected change in '/Users/codhek/summ/Slot_Filling/embeddings/generate_embs.py', reloading
06-Feb-20 15:12:01 -  * Restarting with stat
06-Feb-20 15:12:06 - Loaded model from disk
06-Feb-20 15:12:07 -  * Debugger is active!
06-Feb-20 15:12:07 -  * Debugger PIN: 110-034-516
06-Feb-20 15:12:10 -  * Detected change in '/Users/codhek/summ/Slot_Filling/embeddings/generate_embs.py', reloading
06-Feb-20 15:12:10 -  * Restarting with stat
06-Feb-20 15:12:12 - Parsing dataset ...
06-Feb-20 15:30:14 - Loaded model from disk
06-Feb-20 15:30:14 -  * Running on http://127.0.0.1:8010/ (Press CTRL+C to quit)
06-Feb-20 15:30:14 -  * Restarting with stat
06-Feb-20 15:30:18 - Loaded model from disk
06-Feb-20 15:30:18 -  * Debugger is active!
06-Feb-20 15:30:18 -  * Debugger PIN: 110-034-516
06-Feb-20 15:30:25 - Slots compiled into groups...
06-Feb-20 15:30:25 - 127.0.0.1 - - [06/Feb/2020 15:30:25] "[37mGET /api/v1/slots/Show%20flights%20from%20seattle%20to%20san%20diego%20tomorrow HTTP/1.1[0m" 200 -
06-Feb-20 15:30:38 - Slots compiled into groups...
06-Feb-20 15:30:38 - 127.0.0.1 - - [06/Feb/2020 15:30:38] "[37mGET /api/v1/slots/Show%20flights%20from%20India%20to%20san%20diego%20tomorrow HTTP/1.1[0m" 200 -
06-Feb-20 15:30:43 - Slots compiled into groups...
06-Feb-20 15:30:43 - 127.0.0.1 - - [06/Feb/2020 15:30:43] "[37mGET /api/v1/slots/Show%20flights%20from%20seattle%20to%20san%20diego%20tomorrow HTTP/1.1[0m" 200 -
06-Feb-20 15:33:03 - Slots compiled into groups...
06-Feb-20 15:33:03 - 127.0.0.1 - - [06/Feb/2020 15:33:03] "[37mGET /api/v1/slots/Where%20is%20the%20stop%20for%20USAir%20flight%20number%2037%20from%20Philadelphia%20to%20San%20Francisco%20flying%20next%20friday HTTP/1.1[0m" 200 -
06-Feb-20 15:42:31 -  * Detected change in '/Users/codhek/summ/Slot_Filling/main.py', reloading
06-Feb-20 15:42:32 -  * Restarting with stat
06-Feb-20 15:42:42 - Loaded model from disk
06-Feb-20 15:42:42 -  * Debugger is active!
06-Feb-20 15:42:42 -  * Debugger PIN: 110-034-516
06-Feb-20 15:44:18 -  * Detected change in '/Users/codhek/summ/Slot_Filling/main.py', reloading
06-Feb-20 15:44:18 -  * Restarting with stat
06-Feb-20 16:57:51 - *** TRAINING ***


06-Feb-20 16:57:51 - Word Embeddings Loaded ...
06-Feb-20 16:57:51 - 

MODEL PARAMETERS :

EMBEDDING_SIZE = 100
DROPOUT = 0.25
N_EPOCHS = 20
LOSS = <function crf_loss at 0x12c5b4048>
OPTIMIZER = rmsprop
MODEL = GRU_CRF
DATA_FILE = atis.pkl
EMBEDDINGS_FILE = word_embeddings.json
PORT = 8010


06-Feb-20 16:57:51 - None
06-Feb-20 16:57:51 - Processing word embeddings... 
06-Feb-20 16:57:51 - Done processing word embeddings!
06-Feb-20 16:57:51 - From /Users/codhek/summ/Slot_Filling/env/lib/python3.6/site-packages/tensorflow/python/framework/op_def_library.py:263: colocate_with (from tensorflow.python.framework.ops) is deprecated and will be removed in a future version.
Instructions for updating:
Colocations handled automatically by placer.
06-Feb-20 16:57:51 - From /Users/codhek/summ/Slot_Filling/env/lib/python3.6/site-packages/keras/backend/tensorflow_backend.py:3733: calling dropout (from tensorflow.python.ops.nn_ops) with keep_prob is deprecated and will be removed in a future version.
Instructions for updating:
Please use `rate` instead of `keep_prob`. Rate should be set to `rate = 1 - keep_prob`.
06-Feb-20 16:57:53 - Epoch 1
06-Feb-20 16:57:53 - Training 
06-Feb-20 16:57:53 - From /Users/codhek/summ/Slot_Filling/env/lib/python3.6/site-packages/tensorflow/python/ops/math_ops.py:3066: to_int32 (from tensorflow.python.ops.math_ops) is deprecated and will be removed in a future version.
Instructions for updating:
Use tf.cast instead.
06-Feb-20 16:59:34 - Validating 
06-Feb-20 16:59:43 - Precision = 62.66, Recall = 52.59, F1 = 57.19
06-Feb-20 16:59:43 - Saved model to disk
06-Feb-20 16:59:43 - New model saved!
06-Feb-20 16:59:43 - Epoch 2
06-Feb-20 16:59:43 - Training 
06-Feb-20 17:01:11 - Validating 
06-Feb-20 17:01:18 - Precision = 67.87, Recall = 59.18, F1 = 63.23
06-Feb-20 17:01:18 - Saved model to disk
06-Feb-20 17:01:18 - New model saved!
06-Feb-20 17:01:18 - Epoch 3
06-Feb-20 17:01:18 - Training 
06-Feb-20 17:02:42 - Validating 
06-Feb-20 17:02:50 - Precision = 75.32, Recall = 69.05, F1 = 72.05
06-Feb-20 17:02:50 - Saved model to disk
06-Feb-20 17:02:50 - New model saved!
06-Feb-20 17:02:50 - Epoch 4
06-Feb-20 17:02:50 - Training 
06-Feb-20 17:04:13 - Validating 
06-Feb-20 17:04:21 - Precision = 80.28, Recall = 73.32, F1 = 76.64
06-Feb-20 17:04:21 - Saved model to disk
06-Feb-20 17:04:21 - New model saved!
06-Feb-20 17:04:21 - Epoch 5
06-Feb-20 17:04:21 - Training 
06-Feb-20 17:05:44 - Validating 
06-Feb-20 17:05:52 - Precision = 82.68, Recall = 76.07, F1 = 79.24
06-Feb-20 17:05:52 - Saved model to disk
06-Feb-20 17:05:52 - New model saved!
06-Feb-20 17:05:52 - Epoch 6
06-Feb-20 17:05:52 - Training 
06-Feb-20 17:07:16 - Validating 
06-Feb-20 17:07:24 - Precision = 83.27, Recall = 77.19, F1 = 80.12
06-Feb-20 17:07:24 - Saved model to disk
06-Feb-20 17:07:24 - New model saved!
06-Feb-20 17:07:24 - Epoch 7
06-Feb-20 17:07:24 - Training 
06-Feb-20 17:08:59 - Validating 
06-Feb-20 17:09:07 - Precision = 83.79, Recall = 78.15, F1 = 80.87
06-Feb-20 17:09:07 - Saved model to disk
06-Feb-20 17:09:07 - New model saved!
06-Feb-20 17:09:07 - Epoch 8
06-Feb-20 17:09:07 - Training 
06-Feb-20 17:11:07 - Validating 
06-Feb-20 17:11:18 - Precision = 83.35, Recall = 79.41, F1 = 81.34
06-Feb-20 17:11:18 - Saved model to disk
06-Feb-20 17:11:18 - New model saved!
06-Feb-20 17:11:18 - Epoch 9
06-Feb-20 17:11:18 - Training 
06-Feb-20 17:13:17 - Validating 
06-Feb-20 17:13:26 - Precision = 83.17, Recall = 81.49, F1 = 82.32
06-Feb-20 17:13:26 - Saved model to disk
06-Feb-20 17:13:26 - New model saved!
06-Feb-20 17:13:26 - Epoch 10
06-Feb-20 17:13:26 - Training 
06-Feb-20 17:15:17 - Validating 
06-Feb-20 17:15:25 - Precision = 84.57, Recall = 82.9, F1 = 83.73
06-Feb-20 17:15:25 - Saved model to disk
06-Feb-20 17:15:25 - New model saved!
06-Feb-20 17:15:25 - Epoch 11
06-Feb-20 17:15:25 - Training 
06-Feb-20 17:16:59 - Validating 
06-Feb-20 17:17:09 - Precision = 85.22, Recall = 83.15, F1 = 84.17
06-Feb-20 17:17:09 - Saved model to disk
06-Feb-20 17:17:09 - New model saved!
06-Feb-20 17:17:09 - Epoch 12
06-Feb-20 17:17:09 - Training 
06-Feb-20 17:18:33 - Validating 
06-Feb-20 17:18:41 - Precision = 84.55, Recall = 83.15, F1 = 83.85
06-Feb-20 17:18:41 - Epoch 13
06-Feb-20 17:18:41 - Training 
06-Feb-20 17:20:14 - Validating 
06-Feb-20 17:20:22 - Precision = 84.25, Recall = 82.94, F1 = 83.59
06-Feb-20 17:20:22 - Epoch 14
06-Feb-20 17:20:22 - Training 
06-Feb-20 17:22:10 - Validating 
06-Feb-20 17:22:23 - Precision = 84.46, Recall = 82.97, F1 = 83.71
06-Feb-20 17:22:23 - Epoch 15
06-Feb-20 17:22:23 - Training 
06-Feb-20 17:24:32 - Validating 
06-Feb-20 17:24:41 - Precision = 85.02, Recall = 83.61, F1 = 84.31
06-Feb-20 17:24:41 - Saved model to disk
06-Feb-20 17:24:41 - New model saved!
06-Feb-20 17:24:41 - Epoch 16
06-Feb-20 17:24:41 - Training 
06-Feb-20 17:26:39 - Validating 
06-Feb-20 17:26:48 - Precision = 84.45, Recall = 83.26, F1 = 83.85
06-Feb-20 17:26:48 - Epoch 17
06-Feb-20 17:26:48 - Training 
06-Feb-20 17:29:02 - Validating 
06-Feb-20 17:29:15 - Precision = 84.77, Recall = 83.75, F1 = 84.26
06-Feb-20 17:29:15 - Epoch 18
06-Feb-20 17:29:15 - Training 
06-Feb-20 17:31:49 - Validating 
06-Feb-20 17:32:01 - Precision = 84.78, Recall = 84.03, F1 = 84.4
06-Feb-20 17:32:01 - Saved model to disk
06-Feb-20 17:32:01 - New model saved!
06-Feb-20 17:32:01 - Epoch 19
06-Feb-20 17:32:01 - Training 
06-Feb-20 17:34:30 - Validating 
06-Feb-20 17:34:41 - Precision = 84.17, Recall = 83.61, F1 = 83.89
06-Feb-20 17:34:41 - Epoch 20
06-Feb-20 17:34:41 - Training 
06-Feb-20 17:36:17 - Validating 
06-Feb-20 17:36:26 - Precision = 83.91, Recall = 84.17, F1 = 84.04
06-Feb-20 17:36:26 - Best validation F1 score : 84.4
06-Feb-20 20:21:52 - Loaded model from disk
06-Feb-20 20:21:52 -  * Running on http://127.0.0.1:8010/ (Press CTRL+C to quit)
06-Feb-20 20:21:52 -  * Restarting with stat
06-Feb-20 20:21:59 - Loaded model from disk
06-Feb-20 20:21:59 -  * Debugger is active!
06-Feb-20 20:21:59 -  * Debugger PIN: 110-034-516
06-Feb-20 20:22:09 -  * Detected change in '/Users/codhek/summ/Slot_Filling/utils/files.py', reloading
06-Feb-20 20:22:09 -  * Restarting with stat
06-Feb-20 20:22:18 - Loaded model from disk
06-Feb-20 23:35:43 - Loaded model from disk
06-Feb-20 23:37:04 - Loaded model from disk
06-Feb-20 23:37:04 -  * Running on http://127.0.0.1:9009/ (Press CTRL+C to quit)
06-Feb-20 23:37:04 -  * Restarting with stat
06-Feb-20 23:37:10 - Loaded model from disk
06-Feb-20 23:37:10 -  * Debugger is active!
06-Feb-20 23:37:10 -  * Debugger PIN: 110-034-516
06-Feb-20 23:37:42 - Slots compiled into groups...
06-Feb-20 23:37:42 - 127.0.0.1 - - [06/Feb/2020 23:37:42] "[37mGET /api/v1/slots/Where%20is%20the%20stop%20for%20USAir%20flight%20number%2037%20from%20Philadelphia%20to%20San%20Francisco HTTP/1.1[0m" 200 -
06-Feb-20 23:37:42 - 127.0.0.1 - - [06/Feb/2020 23:37:42] "[33mGET /favicon.ico HTTP/1.1[0m" 404 -
06-Feb-20 23:38:56 - Slots compiled into groups...
06-Feb-20 23:38:56 - 127.0.0.1 - - [06/Feb/2020 23:38:56] "[37mGET /api/v1/slots/Where%20is%20the%20stop%20for%20USAir%20flight%20number%2037%20from%20Philadelphia%20to%20San%20Francisco%20flying%20next%20friday HTTP/1.1[0m" 200 -
06-Feb-20 23:40:36 - Slots compiled into groups...
06-Feb-20 23:40:36 - 127.0.0.1 - - [06/Feb/2020 23:40:36] "[37mGET /api/v1/slots/Where%20is%20the%20stop%20for%20USAir%20flight%20number%2037%20from%20Philadelphia%20to%20San%20Francisco%20flying%20next%20friday HTTP/1.1[0m" 200 -
06-Feb-20 23:40:43 - Slots compiled into groups...
06-Feb-20 23:40:43 - 127.0.0.1 - - [06/Feb/2020 23:40:43] "[37mGET /api/v1/slots/Where%20is%20the%20stop%20for%20USAir%20flight%20number%2037%20from%20Philadelphia%20to%20San%20Francisco%20flying%20next%20friday HTTP/1.1[0m" 200 -
06-Feb-20 23:42:13 - Loaded model from disk
06-Feb-20 23:42:13 -  * Running on http://127.0.0.1:9009/ (Press CTRL+C to quit)
06-Feb-20 23:42:13 -  * Restarting with stat
06-Feb-20 23:42:18 - Loaded model from disk
06-Feb-20 23:42:18 -  * Debugger is active!
06-Feb-20 23:42:18 -  * Debugger PIN: 110-034-516
06-Feb-20 23:42:34 - Slots compiled into groups...
06-Feb-20 23:42:34 - 127.0.0.1 - - [06/Feb/2020 23:42:34] "[37mGET /api/v1/slots/Where%20is%20the%20stop%20for%20USAir%20flight%20number%2037%20from%20Philadelphia%20to%20San%20Francisco%20flying%20next%20friday HTTP/1.1[0m" 200 -
06-Feb-20 23:43:36 -  * Detected change in '/Users/codhek/summ/Slot_Filling/app.py', reloading
06-Feb-20 23:43:36 -  * Restarting with stat
06-Feb-20 23:43:45 - Loaded model from disk
06-Feb-20 23:43:46 -  * Debugger is active!
06-Feb-20 23:43:46 -  * Debugger PIN: 110-034-516
06-Feb-20 23:43:48 -  * Detected change in '/Users/codhek/summ/Slot_Filling/app.py', reloading
06-Feb-20 23:43:48 -  * Restarting with stat
06-Feb-20 23:44:43 - Best model : trained_model_20_GRU_CRF_85.7.h5 picked for loading!
06-Feb-20 23:44:44 - From /Users/codhek/summ/Slot_Filling/env/lib/python3.6/site-packages/tensorflow/python/framework/op_def_library.py:263: colocate_with (from tensorflow.python.framework.ops) is deprecated and will be removed in a future version.
Instructions for updating:
Colocations handled automatically by placer.
06-Feb-20 23:44:44 - From /Users/codhek/summ/Slot_Filling/env/lib/python3.6/site-packages/keras/backend/tensorflow_backend.py:3733: calling dropout (from tensorflow.python.ops.nn_ops) with keep_prob is deprecated and will be removed in a future version.
Instructions for updating:
Please use `rate` instead of `keep_prob`. Rate should be set to `rate = 1 - keep_prob`.
06-Feb-20 23:44:45 - From /Users/codhek/summ/Slot_Filling/env/lib/python3.6/site-packages/tensorflow/python/ops/math_ops.py:3066: to_int32 (from tensorflow.python.ops.math_ops) is deprecated and will be removed in a future version.
Instructions for updating:
Use tf.cast instead.
06-Feb-20 23:44:46 - Loaded model from disk
06-Feb-20 23:44:46 -  * Running on http://127.0.0.1:9009/ (Press CTRL+C to quit)
06-Feb-20 23:44:46 -  * Restarting with stat
06-Feb-20 23:44:48 - Best model : trained_model_20_GRU_CRF_85.7.h5 picked for loading!
06-Feb-20 23:44:48 - From /Users/codhek/summ/Slot_Filling/env/lib/python3.6/site-packages/tensorflow/python/framework/op_def_library.py:263: colocate_with (from tensorflow.python.framework.ops) is deprecated and will be removed in a future version.
Instructions for updating:
Colocations handled automatically by placer.
06-Feb-20 23:44:48 - From /Users/codhek/summ/Slot_Filling/env/lib/python3.6/site-packages/keras/backend/tensorflow_backend.py:3733: calling dropout (from tensorflow.python.ops.nn_ops) with keep_prob is deprecated and will be removed in a future version.
Instructions for updating:
Please use `rate` instead of `keep_prob`. Rate should be set to `rate = 1 - keep_prob`.
06-Feb-20 23:44:49 - From /Users/codhek/summ/Slot_Filling/env/lib/python3.6/site-packages/tensorflow/python/ops/math_ops.py:3066: to_int32 (from tensorflow.python.ops.math_ops) is deprecated and will be removed in a future version.
Instructions for updating:
Use tf.cast instead.
06-Feb-20 23:44:51 - Loaded model from disk
06-Feb-20 23:44:51 -  * Debugger is active!
06-Feb-20 23:44:51 -  * Debugger PIN: 110-034-516
06-Feb-20 23:45:11 - Slots compiled into groups...
06-Feb-20 23:45:11 - 127.0.0.1 - - [06/Feb/2020 23:45:11] "[37mGET /api/v1/slots/Where%20is%20the%20stop%20for%20USAir%20flight%20number%2037%20from%20Philadelphia%20to%20San%20Francisco%20flying%20next%20friday HTTP/1.1[0m" 200 -
07-Feb-20 11:35:22 - Best model : trained_model_20_GRU_CRF_85.7.h5 picked for loading!
07-Feb-20 11:35:22 - From /Users/codhek/summ/Slot_Filling/venv/lib/python3.6/site-packages/tensorflow/python/framework/op_def_library.py:263: colocate_with (from tensorflow.python.framework.ops) is deprecated and will be removed in a future version.
Instructions for updating:
Colocations handled automatically by placer.
07-Feb-20 11:35:22 - From /Users/codhek/summ/Slot_Filling/venv/lib/python3.6/site-packages/keras/backend/tensorflow_backend.py:3733: calling dropout (from tensorflow.python.ops.nn_ops) with keep_prob is deprecated and will be removed in a future version.
Instructions for updating:
Please use `rate` instead of `keep_prob`. Rate should be set to `rate = 1 - keep_prob`.
07-Feb-20 11:35:24 - From /Users/codhek/summ/Slot_Filling/venv/lib/python3.6/site-packages/tensorflow/python/ops/math_ops.py:3066: to_int32 (from tensorflow.python.ops.math_ops) is deprecated and will be removed in a future version.
Instructions for updating:
Use tf.cast instead.
07-Feb-20 11:35:27 - Loaded model from disk
07-Feb-20 11:35:27 -  * Running on http://127.0.0.1:9009/ (Press CTRL+C to quit)
07-Feb-20 11:35:27 -  * Restarting with stat
07-Feb-20 11:35:29 - Best model : trained_model_20_GRU_CRF_85.7.h5 picked for loading!
07-Feb-20 11:35:29 - From /Users/codhek/summ/Slot_Filling/venv/lib/python3.6/site-packages/tensorflow/python/framework/op_def_library.py:263: colocate_with (from tensorflow.python.framework.ops) is deprecated and will be removed in a future version.
Instructions for updating:
Colocations handled automatically by placer.
07-Feb-20 11:35:29 - From /Users/codhek/summ/Slot_Filling/venv/lib/python3.6/site-packages/keras/backend/tensorflow_backend.py:3733: calling dropout (from tensorflow.python.ops.nn_ops) with keep_prob is deprecated and will be removed in a future version.
Instructions for updating:
Please use `rate` instead of `keep_prob`. Rate should be set to `rate = 1 - keep_prob`.
07-Feb-20 11:35:31 - From /Users/codhek/summ/Slot_Filling/venv/lib/python3.6/site-packages/tensorflow/python/ops/math_ops.py:3066: to_int32 (from tensorflow.python.ops.math_ops) is deprecated and will be removed in a future version.
Instructions for updating:
Use tf.cast instead.
07-Feb-20 11:35:34 - Loaded model from disk
07-Feb-20 11:35:34 -  * Debugger is active!
07-Feb-20 11:35:34 -  * Debugger PIN: 246-305-563
07-Feb-20 11:36:35 - Slots compiled into groups...
07-Feb-20 11:36:35 - 127.0.0.1 - - [07/Feb/2020 11:36:35] "[37mGET /api/v1/slots/Where%20is%20the%20stop%20for%20USAir%20flight%20number%2037%20from%20Philadelphia%20to%20San%20Francisco%20flying%20next%20friday HTTP/1.1[0m" 200 -
07-Feb-20 11:36:41 - Slots compiled into groups...
07-Feb-20 11:36:41 - 127.0.0.1 - - [07/Feb/2020 11:36:41] "[37mGET /api/v1/slots/Where%20is%20the%20stop%20for%20USAir%20flight%20number%2037%20from%20Philadelphia%20to%20San%20Francisco%20flying%20next%20friday HTTP/1.1[0m" 200 -
