12-Feb-20 17:33:37 - *** TRAINING ***

12-Feb-20 17:33:37 - 

MODEL PARAMETERS :

EMBEDDING_SIZE = 100
DROPOUT = 0.25
N_EPOCHS = 20
LOSS = <function crf_loss at 0x12c4b81e0>
OPTIMIZER = rmsprop
MODEL = GRU_CRF
DATA_FILE = atis.pkl
PORT = 9009
WORD_EMBEDDINGS = glove



12-Feb-20 17:33:37 - None
12-Feb-20 17:33:37 - Word Indexes saved at (embeddings/word_indexes.json)...
12-Feb-20 17:33:38 - Loading pre-trained glove model...
12-Feb-20 17:33:38 - converting 400000 vectors from embeddings/glove.6B.100d.txt to embeddings/glove.6B.100d.txt.word2vec
12-Feb-20 17:33:40 - loading projection weights from embeddings/glove.6B.100d.txt.word2vec
12-Feb-20 17:34:39 - loaded (400000, 100) matrix from embeddings/glove.6B.100d.txt.word2vec
12-Feb-20 17:34:39 - storing 400000x100 projection weights into embeddings/atis.pkl_glove_embeddings.txt
12-Feb-20 17:35:16 - Saved trained word embeddings at (embeddings/atis.pkl_glove_embeddings.txt)
12-Feb-20 17:35:16 - Processing word indexes... 
12-Feb-20 17:35:16 - Done processing word indexes!
12-Feb-20 17:35:31 - From /Users/codhek/summ/Slot_Filling/env/lib/python3.6/site-packages/tensorflow/python/framework/op_def_library.py:263: colocate_with (from tensorflow.python.framework.ops) is deprecated and will be removed in a future version.
Instructions for updating:
Colocations handled automatically by placer.
12-Feb-20 17:35:32 - From /Users/codhek/summ/Slot_Filling/env/lib/python3.6/site-packages/keras/backend/tensorflow_backend.py:3733: calling dropout (from tensorflow.python.ops.nn_ops) with keep_prob is deprecated and will be removed in a future version.
Instructions for updating:
Please use `rate` instead of `keep_prob`. Rate should be set to `rate = 1 - keep_prob`.
12-Feb-20 17:35:33 - Epoch 1
12-Feb-20 17:35:33 - Training 
12-Feb-20 17:35:33 - From /Users/codhek/summ/Slot_Filling/env/lib/python3.6/site-packages/tensorflow/python/ops/math_ops.py:3066: to_int32 (from tensorflow.python.ops.math_ops) is deprecated and will be removed in a future version.
Instructions for updating:
Use tf.cast instead.
12-Feb-20 17:40:25 - Validating 
12-Feb-20 17:40:51 - Precision = 0.0, Recall = 0.0, F1 = 0.0
12-Feb-20 17:40:51 - Epoch 2
12-Feb-20 17:40:51 - Training 
12-Feb-20 17:46:22 - Validating 
12-Feb-20 17:46:51 - Precision = 67.98, Recall = 56.64, F1 = 61.8
12-Feb-20 17:46:52 - Saved model to disk
12-Feb-20 17:46:52 - New model saved!
12-Feb-20 17:46:52 - Epoch 3
12-Feb-20 17:46:52 - Training 
12-Feb-20 17:52:22 - Validating 
12-Feb-20 17:52:51 - Precision = 72.12, Recall = 62.92, F1 = 67.21
12-Feb-20 17:52:51 - Saved model to disk
12-Feb-20 17:52:51 - New model saved!
12-Feb-20 17:52:51 - Epoch 4
12-Feb-20 17:52:51 - Training 
12-Feb-20 17:58:19 - Validating 
12-Feb-20 17:58:48 - Precision = 78.32, Recall = 68.77, F1 = 73.24
12-Feb-20 17:58:48 - Saved model to disk
12-Feb-20 17:58:48 - New model saved!
12-Feb-20 17:58:48 - Epoch 5
12-Feb-20 17:58:48 - Training 
12-Feb-20 18:04:17 - Validating 
12-Feb-20 18:04:46 - Precision = 81.54, Recall = 72.08, F1 = 76.52
12-Feb-20 18:04:46 - Saved model to disk
12-Feb-20 18:04:46 - New model saved!
12-Feb-20 18:04:46 - Epoch 6
12-Feb-20 18:04:46 - Training 
12-Feb-20 18:10:06 - Validating 
12-Feb-20 18:10:31 - Precision = 81.33, Recall = 73.53, F1 = 77.23
12-Feb-20 18:10:31 - Saved model to disk
12-Feb-20 18:10:31 - New model saved!
12-Feb-20 18:10:31 - Epoch 7
12-Feb-20 18:10:31 - Training 
12-Feb-20 18:15:18 - Validating 
12-Feb-20 18:15:44 - Precision = 82.1, Recall = 74.83, F1 = 78.3
12-Feb-20 18:15:44 - Saved model to disk
12-Feb-20 18:15:44 - New model saved!
12-Feb-20 18:15:44 - Epoch 8
12-Feb-20 18:15:44 - Training 
12-Feb-20 18:20:29 - Validating 
12-Feb-20 18:20:55 - Precision = 82.75, Recall = 76.07, F1 = 79.27
12-Feb-20 18:20:55 - Saved model to disk
12-Feb-20 18:20:55 - New model saved!
12-Feb-20 18:20:55 - Epoch 9
12-Feb-20 18:20:55 - Training 
12-Feb-20 18:25:42 - Validating 
12-Feb-20 18:26:07 - Precision = 83.49, Recall = 77.19, F1 = 80.22
12-Feb-20 18:26:07 - Saved model to disk
12-Feb-20 18:26:07 - New model saved!
12-Feb-20 18:26:07 - Epoch 10
12-Feb-20 18:26:07 - Training 
12-Feb-20 18:30:54 - Validating 
12-Feb-20 18:31:20 - Precision = 83.03, Recall = 77.62, F1 = 80.23
12-Feb-20 18:31:20 - Saved model to disk
12-Feb-20 18:31:20 - New model saved!
12-Feb-20 18:31:20 - Epoch 11
12-Feb-20 18:31:20 - Training 
12-Feb-20 18:36:08 - Validating 
12-Feb-20 18:36:33 - Precision = 85.21, Recall = 80.65, F1 = 82.87
12-Feb-20 18:36:33 - Saved model to disk
12-Feb-20 18:36:33 - New model saved!
12-Feb-20 18:36:33 - Epoch 12
12-Feb-20 18:36:33 - Training 
12-Feb-20 18:41:21 - Validating 
12-Feb-20 18:41:46 - Precision = 86.31, Recall = 80.86, F1 = 83.49
12-Feb-20 18:41:46 - Saved model to disk
12-Feb-20 18:41:46 - New model saved!
12-Feb-20 18:41:46 - Epoch 13
12-Feb-20 18:41:46 - Training 
12-Feb-20 18:46:33 - Validating 
12-Feb-20 18:46:59 - Precision = 86.11, Recall = 80.86, F1 = 83.4
12-Feb-20 18:46:59 - Epoch 14
12-Feb-20 18:46:59 - Training 
12-Feb-20 18:51:46 - Validating 
12-Feb-20 18:52:11 - Precision = 86.31, Recall = 80.44, F1 = 83.27
12-Feb-20 18:52:11 - Epoch 15
12-Feb-20 18:52:11 - Training 
12-Feb-20 18:56:59 - Validating 
12-Feb-20 18:57:25 - Precision = 85.63, Recall = 81.07, F1 = 83.29
12-Feb-20 18:57:25 - Epoch 16
12-Feb-20 18:57:25 - Training 
12-Feb-20 19:02:12 - Validating 
12-Feb-20 19:02:37 - Precision = 86.1, Recall = 81.25, F1 = 83.61
12-Feb-20 19:02:37 - Saved model to disk
12-Feb-20 19:02:37 - New model saved!
12-Feb-20 19:02:37 - Epoch 17
12-Feb-20 19:02:37 - Training 
12-Feb-20 19:07:24 - Validating 
12-Feb-20 19:07:49 - Precision = 85.97, Recall = 80.79, F1 = 83.3
12-Feb-20 19:07:49 - Epoch 18
12-Feb-20 19:07:49 - Training 
12-Feb-20 19:12:43 - Validating 
12-Feb-20 19:13:12 - Precision = 86.26, Recall = 82.13, F1 = 84.15
12-Feb-20 19:13:12 - Saved model to disk
12-Feb-20 19:13:12 - New model saved!
12-Feb-20 19:13:12 - Epoch 19
12-Feb-20 19:13:12 - Training 
12-Feb-20 19:18:31 - Validating 
12-Feb-20 19:18:58 - Precision = 87.34, Recall = 82.16, F1 = 84.67
12-Feb-20 19:18:58 - Saved model to disk
12-Feb-20 19:18:58 - New model saved!
12-Feb-20 19:18:58 - Epoch 20
12-Feb-20 19:18:58 - Training 
12-Feb-20 19:24:30 - Validating 
12-Feb-20 19:24:59 - Precision = 87.93, Recall = 81.95, F1 = 84.84
12-Feb-20 19:24:59 - Saved model to disk
12-Feb-20 19:24:59 - New model saved!
12-Feb-20 19:24:59 - Best validation F1 score : 84.84
12-Feb-20 19:24:59 - Cleaning /trained_model folder...
12-Feb-20 19:24:59 - Removed all other saved models, kept the best model only!
