31-Jan-20 20:55:32 - MODEL PARAMETERS :
EMBEDDING_SIZE = 100
HIDDEN_UNITS = 100
DROPOUT = 0.25
N_EPOCHS = 20
LOSS = <function crf_loss at 0x138dab488>
OPTIMIZER = adam
MODEL = BLSTM_CRF

31-Jan-20 20:55:32 - None
31-Jan-20 20:55:32 - Done processing word embeddings ...
31-Jan-20 20:55:33 - Epoch 1
31-Jan-20 20:55:33 - Training 
31-Jan-20 20:57:07 - Validating 
31-Jan-20 20:57:16 - Loss = 0.2580412891775961, Precision = 51.66, Recall = 43.92, F1 = 47.48
31-Jan-20 20:57:17 - Saved model to disk
31-Jan-20 20:57:17 - New model saved!
31-Jan-20 20:57:17 - Epoch 2
31-Jan-20 20:57:17 - Training 
31-Jan-20 20:59:03 - Validating 
31-Jan-20 20:59:10 - Loss = -0.2998014009618874, Precision = 63.2, Recall = 58.41, F1 = 60.71
31-Jan-20 20:59:10 - Saved model to disk
31-Jan-20 20:59:10 - New model saved!
31-Jan-20 20:59:10 - Epoch 3
31-Jan-20 20:59:10 - Training 
31-Jan-20 21:00:36 - Validating 
31-Jan-20 21:00:45 - Loss = -0.648538401690065, Precision = 65.92, Recall = 64.29, F1 = 65.1
31-Jan-20 21:00:45 - Saved model to disk
31-Jan-20 21:00:45 - New model saved!
31-Jan-20 21:00:45 - Epoch 4
31-Jan-20 21:00:45 - Training 
31-Jan-20 21:02:11 - Validating 
31-Jan-20 21:02:21 - Loss = -0.9224125881587477, Precision = 71.55, Recall = 70.22, F1 = 70.88
31-Jan-20 21:02:21 - Saved model to disk
31-Jan-20 21:02:21 - New model saved!
31-Jan-20 21:02:21 - Epoch 5
31-Jan-20 21:02:21 - Training 
31-Jan-20 21:04:04 - Validating 
31-Jan-20 21:04:13 - Loss = -1.1463727676329019, Precision = 72.21, Recall = 70.43, F1 = 71.31
31-Jan-20 21:04:13 - Saved model to disk
31-Jan-20 21:04:13 - New model saved!
31-Jan-20 21:04:13 - Epoch 6
31-Jan-20 21:04:13 - Training 
31-Jan-20 21:05:53 - Validating 
31-Jan-20 21:06:04 - Loss = -1.3623272531052202, Precision = 72.15, Recall = 70.85, F1 = 71.49
31-Jan-20 21:06:04 - Saved model to disk
31-Jan-20 21:06:04 - New model saved!
31-Jan-20 21:06:04 - Epoch 7
31-Jan-20 21:06:04 - Training 
31-Jan-20 21:07:54 - Validating 
31-Jan-20 21:08:03 - Loss = -1.579874007215276, Precision = 74.03, Recall = 72.96, F1 = 73.5
31-Jan-20 21:08:03 - Saved model to disk
31-Jan-20 21:08:03 - New model saved!
31-Jan-20 21:08:03 - Epoch 8
31-Jan-20 21:08:03 - Training 
31-Jan-20 21:09:45 - Validating 
31-Jan-20 21:09:54 - Loss = -1.785606962933535, Precision = 73.34, Recall = 72.33, F1 = 72.83
31-Jan-20 21:09:54 - Epoch 9
31-Jan-20 21:09:54 - Training 
31-Jan-20 21:11:42 - Validating 
31-Jan-20 21:11:52 - Loss = -1.979586483736318, Precision = 74.5, Recall = 73.63, F1 = 74.06
31-Jan-20 21:11:52 - Saved model to disk
31-Jan-20 21:11:52 - New model saved!
31-Jan-20 21:11:52 - Epoch 10
31-Jan-20 21:11:52 - Training 
31-Jan-20 21:13:34 - Validating 
31-Jan-20 21:13:43 - Loss = -2.1542392169801943, Precision = 74.86, Recall = 73.88, F1 = 74.37
31-Jan-20 21:13:43 - Saved model to disk
31-Jan-20 21:13:43 - New model saved!
31-Jan-20 21:13:43 - Epoch 11
31-Jan-20 21:13:43 - Training 
31-Jan-20 21:15:20 - Validating 
31-Jan-20 21:15:28 - Loss = -2.3475255810325724, Precision = 74.53, Recall = 74.37, F1 = 74.45
31-Jan-20 21:15:28 - Saved model to disk
31-Jan-20 21:15:28 - New model saved!
31-Jan-20 21:15:28 - Epoch 12
31-Jan-20 21:15:28 - Training 
31-Jan-20 21:17:26 - Validating 
31-Jan-20 21:17:35 - Loss = -2.529060008346767, Precision = 74.78, Recall = 74.94, F1 = 74.86
31-Jan-20 21:17:35 - Saved model to disk
31-Jan-20 21:17:35 - New model saved!
31-Jan-20 21:17:35 - Epoch 13
31-Jan-20 21:17:35 - Training 
31-Jan-20 21:19:36 - Validating 
31-Jan-20 21:19:44 - Loss = -2.706362009683265, Precision = 75.6, Recall = 75.36, F1 = 75.48
31-Jan-20 21:19:44 - Saved model to disk
31-Jan-20 21:19:44 - New model saved!
31-Jan-20 21:19:44 - Epoch 14
31-Jan-20 21:19:44 - Training 
31-Jan-20 21:21:28 - Validating 
31-Jan-20 21:21:37 - Loss = -2.8884690087364313, Precision = 76.23, Recall = 75.85, F1 = 76.04
31-Jan-20 21:21:37 - Saved model to disk
31-Jan-20 21:21:37 - New model saved!
31-Jan-20 21:21:37 - Epoch 15
31-Jan-20 21:21:37 - Training 
31-Jan-20 21:23:15 - Validating 
31-Jan-20 21:23:24 - Loss = -3.0597654861803147, Precision = 75.48, Recall = 75.64, F1 = 75.56
31-Jan-20 21:23:24 - Epoch 16
31-Jan-20 21:23:24 - Training 
31-Jan-20 21:25:15 - Validating 
31-Jan-20 21:25:23 - Loss = -3.2266045176411557, Precision = 76.93, Recall = 76.17, F1 = 76.55
31-Jan-20 21:25:23 - Saved model to disk
31-Jan-20 21:25:23 - New model saved!
31-Jan-20 21:25:23 - Epoch 17
31-Jan-20 21:25:23 - Training 
31-Jan-20 21:27:01 - Validating 
31-Jan-20 21:27:09 - Loss = -3.3793581517688898, Precision = 77.1, Recall = 76.56, F1 = 76.83
31-Jan-20 21:27:09 - Saved model to disk
31-Jan-20 21:27:09 - New model saved!
31-Jan-20 21:27:09 - Epoch 18
31-Jan-20 21:27:09 - Training 
31-Jan-20 21:28:40 - Validating 
31-Jan-20 21:28:50 - Loss = -3.5536032785932523, Precision = 77.11, Recall = 76.7, F1 = 76.9
31-Jan-20 21:28:50 - Saved model to disk
31-Jan-20 21:28:50 - New model saved!
31-Jan-20 21:28:50 - Epoch 19
31-Jan-20 21:28:50 - Training 
31-Jan-20 21:30:35 - Validating 
31-Jan-20 21:30:44 - Loss = -3.703341076689284, Precision = 76.54, Recall = 76.24, F1 = 76.39
31-Jan-20 21:30:44 - Epoch 20
31-Jan-20 21:30:44 - Training 
31-Jan-20 21:32:14 - Validating 
31-Jan-20 21:32:22 - Loss = -3.860752161114577, Precision = 77.26, Recall = 76.88, F1 = 77.07
31-Jan-20 21:32:22 - Saved model to disk
31-Jan-20 21:32:22 - New model saved!
