13-Feb-20 12:10:54 - *** TRAINING ***

13-Feb-20 12:10:54 - 

MODEL PARAMETERS :

EMBEDDING_SIZE = 100
DROPOUT = 0.25
N_EPOCHS = 20
LOSS = <function crf_loss at 0x12cdce1e0>
OPTIMIZER = adam
MODEL = BLSTM_CRF
DATA_FILE = atis.pkl
PORT = 9009
WORD_EMBEDDINGS = glove



13-Feb-20 12:10:54 - None
13-Feb-20 12:10:55 - Word Indexes saved at (embeddings/word_indexes.json)...
13-Feb-20 12:10:55 - Loading pre-trained glove model...
13-Feb-20 12:10:55 - loading projection weights from embeddings/glove.6B.100d.txt.word2vec
13-Feb-20 12:11:53 - loaded (400000, 100) matrix from embeddings/glove.6B.100d.txt.word2vec
13-Feb-20 12:11:53 - storing 400000x100 projection weights into embeddings/atis.pkl_glove_embeddings.txt
13-Feb-20 12:12:39 - Saved trained word embeddings at (embeddings/atis.pkl_glove_embeddings.txt)
13-Feb-20 12:12:39 - Processing word indexes... 
13-Feb-20 12:12:39 - Done processing word indexes!
13-Feb-20 12:13:03 - From /Users/codhek/summ/Slot_Filling/env/lib/python3.6/site-packages/tensorflow/python/framework/op_def_library.py:263: colocate_with (from tensorflow.python.framework.ops) is deprecated and will be removed in a future version.
Instructions for updating:
Colocations handled automatically by placer.
13-Feb-20 12:13:03 - From /Users/codhek/summ/Slot_Filling/env/lib/python3.6/site-packages/keras/backend/tensorflow_backend.py:3733: calling dropout (from tensorflow.python.ops.nn_ops) with keep_prob is deprecated and will be removed in a future version.
Instructions for updating:
Please use `rate` instead of `keep_prob`. Rate should be set to `rate = 1 - keep_prob`.
13-Feb-20 12:13:05 - Epoch 1
13-Feb-20 12:13:05 - Training 
13-Feb-20 12:13:05 - From /Users/codhek/summ/Slot_Filling/env/lib/python3.6/site-packages/tensorflow/python/ops/math_ops.py:3066: to_int32 (from tensorflow.python.ops.math_ops) is deprecated and will be removed in a future version.
Instructions for updating:
Use tf.cast instead.
13-Feb-20 12:15:15 - *** TRAINING ***

13-Feb-20 12:15:15 - 

MODEL PARAMETERS :

EMBEDDING_SIZE = 100
DROPOUT = 0.25
N_EPOCHS = 20
LOSS = <function crf_loss at 0x12c5b81e0>
OPTIMIZER = adam
MODEL = BLSTM_CRF
DATA_FILE = atis.pkl
PORT = 9009
WORD_EMBEDDINGS = glove



13-Feb-20 12:15:15 - None
13-Feb-20 12:15:15 - Word Indexes saved at (embeddings/word_indexes.json)...
13-Feb-20 12:15:16 - Loading pre-trained glove model...
13-Feb-20 12:15:16 - Word Embeddings already exists...using exsiting file.
13-Feb-20 12:15:16 - Processing word indexes... 
13-Feb-20 12:15:16 - Done processing word indexes!
13-Feb-20 12:15:32 - From /Users/codhek/summ/Slot_Filling/env/lib/python3.6/site-packages/tensorflow/python/framework/op_def_library.py:263: colocate_with (from tensorflow.python.framework.ops) is deprecated and will be removed in a future version.
Instructions for updating:
Colocations handled automatically by placer.
13-Feb-20 12:15:32 - From /Users/codhek/summ/Slot_Filling/env/lib/python3.6/site-packages/keras/backend/tensorflow_backend.py:3733: calling dropout (from tensorflow.python.ops.nn_ops) with keep_prob is deprecated and will be removed in a future version.
Instructions for updating:
Please use `rate` instead of `keep_prob`. Rate should be set to `rate = 1 - keep_prob`.
13-Feb-20 12:15:33 - Epoch 1
13-Feb-20 12:15:33 - Training 
13-Feb-20 12:15:33 - From /Users/codhek/summ/Slot_Filling/env/lib/python3.6/site-packages/tensorflow/python/ops/math_ops.py:3066: to_int32 (from tensorflow.python.ops.math_ops) is deprecated and will be removed in a future version.
Instructions for updating:
Use tf.cast instead.
13-Feb-20 12:22:11 - Validating 
13-Feb-20 12:22:47 - Precision = 0.0, Recall = 0.0, F1 = 0.0
13-Feb-20 12:22:47 - Epoch 2
13-Feb-20 12:22:47 - Training 
13-Feb-20 12:29:58 - Validating 
13-Feb-20 12:30:26 - Precision = 48.28, Recall = 34.58, F1 = 40.3
13-Feb-20 12:30:27 - Saved model to disk
13-Feb-20 12:30:27 - New model saved!
13-Feb-20 12:30:27 - Epoch 3
13-Feb-20 12:30:27 - Training 
13-Feb-20 12:36:59 - Validating 
13-Feb-20 12:37:26 - Precision = 64.98, Recall = 53.37, F1 = 58.6
13-Feb-20 12:37:26 - Saved model to disk
13-Feb-20 12:37:26 - New model saved!
13-Feb-20 12:37:26 - Epoch 4
13-Feb-20 12:37:26 - Training 
13-Feb-20 12:44:07 - Validating 
13-Feb-20 12:44:37 - Precision = 67.21, Recall = 59.75, F1 = 63.26
13-Feb-20 12:44:37 - Saved model to disk
13-Feb-20 12:44:37 - New model saved!
13-Feb-20 12:44:37 - Epoch 5
13-Feb-20 12:44:37 - Training 
13-Feb-20 12:51:16 - Validating 
13-Feb-20 12:51:44 - Precision = 71.19, Recall = 62.46, F1 = 66.54
13-Feb-20 12:51:44 - Saved model to disk
13-Feb-20 12:51:44 - New model saved!
13-Feb-20 12:51:44 - Epoch 6
13-Feb-20 12:51:44 - Training 
13-Feb-20 12:58:24 - Validating 
13-Feb-20 12:58:54 - Precision = 73.73, Recall = 65.77, F1 = 69.52
13-Feb-20 12:58:54 - Saved model to disk
13-Feb-20 12:58:54 - New model saved!
13-Feb-20 12:58:54 - Epoch 7
13-Feb-20 12:58:54 - Training 
13-Feb-20 13:05:51 - Validating 
13-Feb-20 13:06:20 - Precision = 75.27, Recall = 68.77, F1 = 71.87
13-Feb-20 13:06:20 - Saved model to disk
13-Feb-20 13:06:20 - New model saved!
13-Feb-20 13:06:20 - Epoch 8
13-Feb-20 13:06:20 - Training 
13-Feb-20 13:12:43 - Validating 
13-Feb-20 13:13:11 - Precision = 76.51, Recall = 70.6, F1 = 73.44
13-Feb-20 13:13:11 - Saved model to disk
13-Feb-20 13:13:11 - New model saved!
13-Feb-20 13:13:11 - Epoch 9
13-Feb-20 13:13:11 - Training 
13-Feb-20 13:19:37 - Validating 
13-Feb-20 13:20:05 - Precision = 77.15, Recall = 72.37, F1 = 74.68
13-Feb-20 13:20:06 - Saved model to disk
13-Feb-20 13:20:06 - New model saved!
13-Feb-20 13:20:06 - Epoch 10
13-Feb-20 13:20:06 - Training 
13-Feb-20 13:26:30 - Validating 
13-Feb-20 13:26:58 - Precision = 79.3, Recall = 74.94, F1 = 77.06
13-Feb-20 13:26:58 - Saved model to disk
13-Feb-20 13:26:58 - New model saved!
13-Feb-20 13:26:58 - Epoch 11
13-Feb-20 13:26:58 - Training 
13-Feb-20 13:33:23 - Validating 
13-Feb-20 13:33:51 - Precision = 81.7, Recall = 76.49, F1 = 79.01
13-Feb-20 13:33:51 - Saved model to disk
13-Feb-20 13:33:51 - New model saved!
13-Feb-20 13:33:51 - Epoch 12
13-Feb-20 13:33:51 - Training 
13-Feb-20 13:40:14 - Validating 
13-Feb-20 13:40:41 - Precision = 82.93, Recall = 78.78, F1 = 80.8
13-Feb-20 13:40:42 - Saved model to disk
13-Feb-20 13:40:42 - New model saved!
13-Feb-20 13:40:42 - Epoch 13
13-Feb-20 13:40:42 - Training 
13-Feb-20 13:46:54 - Validating 
13-Feb-20 13:47:22 - Precision = 83.24, Recall = 79.66, F1 = 81.41
13-Feb-20 13:47:22 - Saved model to disk
13-Feb-20 13:47:22 - New model saved!
13-Feb-20 13:47:22 - Epoch 14
13-Feb-20 13:47:22 - Training 
13-Feb-20 13:53:35 - Validating 
13-Feb-20 13:54:03 - Precision = 83.68, Recall = 79.87, F1 = 81.73
13-Feb-20 13:54:03 - Saved model to disk
13-Feb-20 13:54:03 - New model saved!
13-Feb-20 13:54:03 - Epoch 15
13-Feb-20 13:54:03 - Training 
13-Feb-20 14:00:56 - Validating 
13-Feb-20 14:01:26 - Precision = 83.75, Recall = 80.82, F1 = 82.26
13-Feb-20 14:01:26 - Saved model to disk
13-Feb-20 14:01:26 - New model saved!
13-Feb-20 14:01:26 - Epoch 16
13-Feb-20 14:01:26 - Training 
13-Feb-20 14:08:13 - Validating 
13-Feb-20 14:08:43 - Precision = 85.24, Recall = 82.27, F1 = 83.73
13-Feb-20 14:08:43 - Saved model to disk
13-Feb-20 14:08:43 - New model saved!
13-Feb-20 14:08:43 - Epoch 17
13-Feb-20 14:08:43 - Training 
13-Feb-20 14:16:13 - Validating 
13-Feb-20 14:16:43 - Precision = 86.42, Recall = 83.19, F1 = 84.77
13-Feb-20 14:16:43 - Saved model to disk
13-Feb-20 14:16:43 - New model saved!
13-Feb-20 14:16:43 - Epoch 18
13-Feb-20 14:16:43 - Training 
13-Feb-20 14:23:38 - Validating 
13-Feb-20 14:24:06 - Precision = 85.76, Recall = 83.01, F1 = 84.36
13-Feb-20 14:24:06 - Epoch 19
13-Feb-20 14:24:06 - Training 
13-Feb-20 14:30:34 - Validating 
13-Feb-20 14:31:02 - Precision = 85.67, Recall = 82.38, F1 = 83.99
13-Feb-20 14:31:02 - Epoch 20
13-Feb-20 14:31:02 - Training 
13-Feb-20 14:37:34 - Validating 
13-Feb-20 14:38:02 - Precision = 86.86, Recall = 83.86, F1 = 85.33
13-Feb-20 14:38:02 - Saved model to disk
13-Feb-20 14:38:02 - New model saved!
13-Feb-20 14:38:02 - Best validation F1 score : 85.33
13-Feb-20 14:38:02 - Cleaning /trained_model folder...
13-Feb-20 14:38:02 - Removed all other saved models, kept the best model only!
13-Feb-20 14:39:53 - *** TESTING ***

13-Feb-20 14:39:53 - From /Users/codhek/summ/Slot_Filling/env/lib/python3.6/site-packages/tensorflow/python/framework/op_def_library.py:263: colocate_with (from tensorflow.python.framework.ops) is deprecated and will be removed in a future version.
Instructions for updating:
Colocations handled automatically by placer.
13-Feb-20 14:39:53 - From /Users/codhek/summ/Slot_Filling/env/lib/python3.6/site-packages/keras/backend/tensorflow_backend.py:3733: calling dropout (from tensorflow.python.ops.nn_ops) with keep_prob is deprecated and will be removed in a future version.
Instructions for updating:
Please use `rate` instead of `keep_prob`. Rate should be set to `rate = 1 - keep_prob`.
13-Feb-20 14:39:54 - From /Users/codhek/summ/Slot_Filling/env/lib/python3.6/site-packages/tensorflow/python/ops/math_ops.py:3066: to_int32 (from tensorflow.python.ops.math_ops) is deprecated and will be removed in a future version.
Instructions for updating:
Use tf.cast instead.
13-Feb-20 14:39:55 - Loaded model from disk
13-Feb-20 14:39:57 - Slots compiled into groups...
13-Feb-20 14:40:44 - *** TESTING ***

13-Feb-20 14:40:44 - From /Users/codhek/summ/Slot_Filling/env/lib/python3.6/site-packages/tensorflow/python/framework/op_def_library.py:263: colocate_with (from tensorflow.python.framework.ops) is deprecated and will be removed in a future version.
Instructions for updating:
Colocations handled automatically by placer.
13-Feb-20 14:40:44 - From /Users/codhek/summ/Slot_Filling/env/lib/python3.6/site-packages/keras/backend/tensorflow_backend.py:3733: calling dropout (from tensorflow.python.ops.nn_ops) with keep_prob is deprecated and will be removed in a future version.
Instructions for updating:
Please use `rate` instead of `keep_prob`. Rate should be set to `rate = 1 - keep_prob`.
13-Feb-20 14:40:45 - From /Users/codhek/summ/Slot_Filling/env/lib/python3.6/site-packages/tensorflow/python/ops/math_ops.py:3066: to_int32 (from tensorflow.python.ops.math_ops) is deprecated and will be removed in a future version.
Instructions for updating:
Use tf.cast instead.
13-Feb-20 14:40:47 - Loaded model from disk
13-Feb-20 14:40:48 - Slots compiled into groups...
13-Feb-20 14:41:09 - *** MODEL VALIDATION ***

13-Feb-20 14:41:09 - Word Indexes saved at (embeddings/word_indexes.json)...
13-Feb-20 14:41:10 - Loading pre-trained glove model...
13-Feb-20 14:41:10 - Word Embeddings already exists...using exsiting file.
13-Feb-20 14:41:10 - Processing word indexes... 
13-Feb-20 14:41:10 - Done processing word indexes!
13-Feb-20 14:41:56 - *** MODEL VALIDATION ***

13-Feb-20 14:41:56 - Word Indexes saved at (embeddings/word_indexes.json)...
13-Feb-20 14:41:57 - Loading pre-trained glove model...
13-Feb-20 14:41:57 - Word Embeddings already exists...using exsiting file.
13-Feb-20 14:41:57 - Processing word indexes... 
13-Feb-20 14:41:57 - Done processing word indexes!
13-Feb-20 14:41:57 - From /Users/codhek/summ/Slot_Filling/env/lib/python3.6/site-packages/tensorflow/python/framework/op_def_library.py:263: colocate_with (from tensorflow.python.framework.ops) is deprecated and will be removed in a future version.
Instructions for updating:
Colocations handled automatically by placer.
13-Feb-20 14:41:58 - From /Users/codhek/summ/Slot_Filling/env/lib/python3.6/site-packages/keras/backend/tensorflow_backend.py:3733: calling dropout (from tensorflow.python.ops.nn_ops) with keep_prob is deprecated and will be removed in a future version.
Instructions for updating:
Please use `rate` instead of `keep_prob`. Rate should be set to `rate = 1 - keep_prob`.
13-Feb-20 14:41:59 - From /Users/codhek/summ/Slot_Filling/env/lib/python3.6/site-packages/tensorflow/python/ops/math_ops.py:3066: to_int32 (from tensorflow.python.ops.math_ops) is deprecated and will be removed in a future version.
Instructions for updating:
Use tf.cast instead.
13-Feb-20 14:42:00 - Loaded model from disk
13-Feb-20 14:42:25 - Precision = 63.02, Recall = 80.72, F1 = 70.78
13-Feb-20 14:43:02 - *** MODEL VALIDATION ***

13-Feb-20 14:43:02 - Word Indexes saved at (embeddings/word_indexes.json)...
13-Feb-20 14:43:03 - Loading pre-trained glove model...
13-Feb-20 14:43:03 - Word Embeddings already exists...using exsiting file.
13-Feb-20 14:43:03 - Processing word indexes... 
13-Feb-20 14:43:03 - Done processing word indexes!
13-Feb-20 14:43:03 - From /Users/codhek/summ/Slot_Filling/env/lib/python3.6/site-packages/tensorflow/python/framework/op_def_library.py:263: colocate_with (from tensorflow.python.framework.ops) is deprecated and will be removed in a future version.
Instructions for updating:
Colocations handled automatically by placer.
13-Feb-20 14:43:04 - From /Users/codhek/summ/Slot_Filling/env/lib/python3.6/site-packages/keras/backend/tensorflow_backend.py:3733: calling dropout (from tensorflow.python.ops.nn_ops) with keep_prob is deprecated and will be removed in a future version.
Instructions for updating:
Please use `rate` instead of `keep_prob`. Rate should be set to `rate = 1 - keep_prob`.
13-Feb-20 14:43:05 - From /Users/codhek/summ/Slot_Filling/env/lib/python3.6/site-packages/tensorflow/python/ops/math_ops.py:3066: to_int32 (from tensorflow.python.ops.math_ops) is deprecated and will be removed in a future version.
Instructions for updating:
Use tf.cast instead.
13-Feb-20 14:43:09 - Loaded model from disk
13-Feb-20 14:43:38 - Precision = 86.86, Recall = 83.86, F1 = 85.33
13-Feb-20 14:51:38 - Best model : trained_model_20_BLSTM_CRF_glove_85.33.h5 picked for loading!
13-Feb-20 14:51:38 - From /Users/codhek/summ/Slot_Filling/env/lib/python3.6/site-packages/tensorflow/python/framework/op_def_library.py:263: colocate_with (from tensorflow.python.framework.ops) is deprecated and will be removed in a future version.
Instructions for updating:
Colocations handled automatically by placer.
13-Feb-20 14:51:39 - From /Users/codhek/summ/Slot_Filling/env/lib/python3.6/site-packages/keras/backend/tensorflow_backend.py:3733: calling dropout (from tensorflow.python.ops.nn_ops) with keep_prob is deprecated and will be removed in a future version.
Instructions for updating:
Please use `rate` instead of `keep_prob`. Rate should be set to `rate = 1 - keep_prob`.
13-Feb-20 14:51:40 - From /Users/codhek/summ/Slot_Filling/env/lib/python3.6/site-packages/tensorflow/python/ops/math_ops.py:3066: to_int32 (from tensorflow.python.ops.math_ops) is deprecated and will be removed in a future version.
Instructions for updating:
Use tf.cast instead.
13-Feb-20 14:51:44 - Loaded model from disk
13-Feb-20 14:51:44 -  * Running on http://127.0.0.1:9009/ (Press CTRL+C to quit)
13-Feb-20 14:51:44 -  * Restarting with stat
13-Feb-20 14:51:46 - Best model : trained_model_20_BLSTM_CRF_glove_85.33.h5 picked for loading!
13-Feb-20 14:51:46 - From /Users/codhek/summ/Slot_Filling/env/lib/python3.6/site-packages/tensorflow/python/framework/op_def_library.py:263: colocate_with (from tensorflow.python.framework.ops) is deprecated and will be removed in a future version.
Instructions for updating:
Colocations handled automatically by placer.
13-Feb-20 14:51:46 - From /Users/codhek/summ/Slot_Filling/env/lib/python3.6/site-packages/keras/backend/tensorflow_backend.py:3733: calling dropout (from tensorflow.python.ops.nn_ops) with keep_prob is deprecated and will be removed in a future version.
Instructions for updating:
Please use `rate` instead of `keep_prob`. Rate should be set to `rate = 1 - keep_prob`.
13-Feb-20 14:51:49 - From /Users/codhek/summ/Slot_Filling/env/lib/python3.6/site-packages/tensorflow/python/ops/math_ops.py:3066: to_int32 (from tensorflow.python.ops.math_ops) is deprecated and will be removed in a future version.
Instructions for updating:
Use tf.cast instead.
13-Feb-20 14:51:54 - Loaded model from disk
13-Feb-20 14:51:54 -  * Debugger is active!
13-Feb-20 14:51:54 -  * Debugger PIN: 110-034-516
13-Feb-20 14:51:55 - 127.0.0.1 - - [13/Feb/2020 14:51:55] "[37mGET /demo HTTP/1.1[0m" 200 -
13-Feb-20 14:51:55 - 127.0.0.1 - - [13/Feb/2020 14:51:55] "[36mGET /static/index.css HTTP/1.1[0m" 304 -
13-Feb-20 14:52:08 - Slots compiled into groups...
13-Feb-20 14:52:08 - 127.0.0.1 - - [13/Feb/2020 14:52:08] "[37mGET /api/v1/slots/?sentence=Where%20is%20the%20stop%20for%20USAir%20flight%20number%2037%20from%20Philadelphia%20to%20San%20Francisco%20flying%20next%20friday HTTP/1.1[0m" 200 -
13-Feb-20 14:52:49 - Best model : trained_model_20_GRU_CRF_None_85.7.h5 picked for loading!
13-Feb-20 14:52:50 - From /Users/codhek/summ/Slot_Filling/env/lib/python3.6/site-packages/tensorflow/python/framework/op_def_library.py:263: colocate_with (from tensorflow.python.framework.ops) is deprecated and will be removed in a future version.
Instructions for updating:
Colocations handled automatically by placer.
13-Feb-20 14:52:50 - From /Users/codhek/summ/Slot_Filling/env/lib/python3.6/site-packages/keras/backend/tensorflow_backend.py:3733: calling dropout (from tensorflow.python.ops.nn_ops) with keep_prob is deprecated and will be removed in a future version.
Instructions for updating:
Please use `rate` instead of `keep_prob`. Rate should be set to `rate = 1 - keep_prob`.
13-Feb-20 14:52:51 - From /Users/codhek/summ/Slot_Filling/env/lib/python3.6/site-packages/tensorflow/python/ops/math_ops.py:3066: to_int32 (from tensorflow.python.ops.math_ops) is deprecated and will be removed in a future version.
Instructions for updating:
Use tf.cast instead.
13-Feb-20 14:52:52 - Loaded model from disk
13-Feb-20 14:52:53 -  * Running on http://127.0.0.1:9009/ (Press CTRL+C to quit)
13-Feb-20 14:52:53 -  * Restarting with stat
13-Feb-20 14:52:55 - Best model : trained_model_20_GRU_CRF_None_85.7.h5 picked for loading!
13-Feb-20 14:52:55 - From /Users/codhek/summ/Slot_Filling/env/lib/python3.6/site-packages/tensorflow/python/framework/op_def_library.py:263: colocate_with (from tensorflow.python.framework.ops) is deprecated and will be removed in a future version.
Instructions for updating:
Colocations handled automatically by placer.
13-Feb-20 14:52:55 - From /Users/codhek/summ/Slot_Filling/env/lib/python3.6/site-packages/keras/backend/tensorflow_backend.py:3733: calling dropout (from tensorflow.python.ops.nn_ops) with keep_prob is deprecated and will be removed in a future version.
Instructions for updating:
Please use `rate` instead of `keep_prob`. Rate should be set to `rate = 1 - keep_prob`.
13-Feb-20 14:52:56 - From /Users/codhek/summ/Slot_Filling/env/lib/python3.6/site-packages/tensorflow/python/ops/math_ops.py:3066: to_int32 (from tensorflow.python.ops.math_ops) is deprecated and will be removed in a future version.
Instructions for updating:
Use tf.cast instead.
13-Feb-20 14:52:58 - Loaded model from disk
13-Feb-20 14:52:58 -  * Debugger is active!
13-Feb-20 14:52:58 -  * Debugger PIN: 110-034-516
13-Feb-20 14:52:58 - 127.0.0.1 - - [13/Feb/2020 14:52:58] "[37mGET /demo HTTP/1.1[0m" 200 -
13-Feb-20 14:53:01 - Slots compiled into groups...
13-Feb-20 14:53:01 - 127.0.0.1 - - [13/Feb/2020 14:53:01] "[37mGET /api/v1/slots/?sentence=Where%20is%20the%20stop%20for%20USAir%20flight%20number%2037%20from%20Philadelphia%20to%20San%20Francisco%20flying%20next%20friday HTTP/1.1[0m" 200 -
13-Feb-20 14:53:28 -  * Detected change in '/Users/codhek/summ/Slot_Filling/main.py', reloading
13-Feb-20 14:53:29 -  * Restarting with stat
13-Feb-20 14:53:35 - *** MODEL VALIDATION ***

13-Feb-20 14:53:35 - Word Indexes saved at (embeddings/word_indexes.json)...
13-Feb-20 14:53:36 - Loading pre-trained glove model...
13-Feb-20 14:53:36 - Word Embeddings already exists...using exsiting file.
13-Feb-20 14:53:36 - Processing word indexes... 
13-Feb-20 14:53:36 - Done processing word indexes!
13-Feb-20 14:53:46 - *** MODEL VALIDATION ***

13-Feb-20 14:53:47 - Word Indexes saved at (embeddings/word_indexes.json)...
13-Feb-20 14:53:47 - Loading pre-trained glove model...
13-Feb-20 14:53:47 - Word Embeddings already exists...using exsiting file.
13-Feb-20 14:53:47 - Processing word indexes... 
13-Feb-20 14:53:48 - Done processing word indexes!
13-Feb-20 14:53:48 - From /Users/codhek/summ/Slot_Filling/env/lib/python3.6/site-packages/tensorflow/python/framework/op_def_library.py:263: colocate_with (from tensorflow.python.framework.ops) is deprecated and will be removed in a future version.
Instructions for updating:
Colocations handled automatically by placer.
13-Feb-20 14:53:48 - From /Users/codhek/summ/Slot_Filling/env/lib/python3.6/site-packages/keras/backend/tensorflow_backend.py:3733: calling dropout (from tensorflow.python.ops.nn_ops) with keep_prob is deprecated and will be removed in a future version.
Instructions for updating:
Please use `rate` instead of `keep_prob`. Rate should be set to `rate = 1 - keep_prob`.
13-Feb-20 14:53:49 - From /Users/codhek/summ/Slot_Filling/env/lib/python3.6/site-packages/tensorflow/python/ops/math_ops.py:3066: to_int32 (from tensorflow.python.ops.math_ops) is deprecated and will be removed in a future version.
Instructions for updating:
Use tf.cast instead.
13-Feb-20 14:53:51 - Loaded model from disk
13-Feb-20 14:54:16 - Precision = 87.04, Recall = 81.18, F1 = 84.01
13-Feb-20 15:04:14 - *** RE-TRAINING ***

13-Feb-20 15:04:14 - From /Users/codhek/summ/Slot_Filling/env/lib/python3.6/site-packages/tensorflow/python/framework/op_def_library.py:263: colocate_with (from tensorflow.python.framework.ops) is deprecated and will be removed in a future version.
Instructions for updating:
Colocations handled automatically by placer.
13-Feb-20 15:04:14 - From /Users/codhek/summ/Slot_Filling/env/lib/python3.6/site-packages/keras/backend/tensorflow_backend.py:3733: calling dropout (from tensorflow.python.ops.nn_ops) with keep_prob is deprecated and will be removed in a future version.
Instructions for updating:
Please use `rate` instead of `keep_prob`. Rate should be set to `rate = 1 - keep_prob`.
13-Feb-20 15:04:15 - From /Users/codhek/summ/Slot_Filling/env/lib/python3.6/site-packages/tensorflow/python/ops/math_ops.py:3066: to_int32 (from tensorflow.python.ops.math_ops) is deprecated and will be removed in a future version.
Instructions for updating:
Use tf.cast instead.
13-Feb-20 15:04:17 - Loaded model from disk
13-Feb-20 15:04:17 - Word Indexes saved at (embeddings/word_indexes.json)...
13-Feb-20 15:04:18 - Loading pre-trained glove model...
13-Feb-20 15:04:18 - Word Embeddings already exists...using exsiting file.
13-Feb-20 15:04:18 - Processing word indexes... 
13-Feb-20 15:04:18 - Done processing word indexes!
13-Feb-20 15:04:18 - Epoch 1
13-Feb-20 15:04:18 - Training 
