03-Feb-20 15:51:19 - Parsing dataset ...
03-Feb-20 15:51:24 - Creating Indexes
03-Feb-20 15:51:24 - Spliting dataset into train and validation sets
03-Feb-20 15:51:26 - Done!
03-Feb-20 15:51:26 - Word Embeddings Dumped to JSON ...
03-Feb-20 15:51:26 - MODEL PARAMETERS :
EMBEDDING_SIZE = 100
HIDDEN_UNITS = 100
DROPOUT = 0.5
N_EPOCHS = 20
LOSS = categorical_crossentropy
OPTIMIZER = rmsprop
MODEL = BLSTM
DATA_FILE = ner_dataset.csv
EMBEDDINGS_FILE = word_embeddings.json

03-Feb-20 15:51:26 - None
03-Feb-20 15:51:26 - Processing word embeddings... 
03-Feb-20 15:51:52 - Done processing word embeddings!
03-Feb-20 15:51:53 - Epoch 1
03-Feb-20 15:51:53 - Training 
03-Feb-20 17:12:45 - Validating 
03-Feb-20 17:22:50 - Loss = 0.5205489516627332, Precision = 0.0, Recall = 0.0, F1 = 0.0
03-Feb-20 17:22:50 - Epoch 2
03-Feb-20 17:22:50 - Training 
